<?xml version="1.0" encoding="UTF-8"?>
<testng-results skipped="0" failed="0" ignored="1" total="2" passed="1">
  <reporter-output>
  </reporter-output>
  <suite name="Suite" duration-ms="16975" started-at="2020-03-23T06:26:35Z" finished-at="2020-03-23T06:26:52Z">
    <groups>
    </groups>
    <test name="Test" duration-ms="16975" started-at="2020-03-23T06:26:35Z" finished-at="2020-03-23T06:26:52Z">
      <class name="com.d11.project.msd.masterTest.DemoTest">
        <test-method status="PASS" signature="suiteSetUp(org.testng.ITestContext)[pri:0, instance:com.d11.project.msd.masterTest.DemoTest@6eebc39e]" name="suiteSetUp" is-config="true" duration-ms="167" started-at="2020-03-23T06:26:34Z" finished-at="2020-03-23T06:26:35Z">
          <params>
            <param index="0">
              <value>
                <![CDATA[org.testng.TestRunner@661972b0]]>
              </value>
            </param>
          </params>
          <reporter-output>
          </reporter-output>
        </test-method> <!-- suiteSetUp -->
        <test-method status="PASS" signature="testSetUp(org.testng.ITestContext)[pri:0, instance:com.d11.project.msd.masterTest.DemoTest@6eebc39e]" name="testSetUp" is-config="true" duration-ms="9" started-at="2020-03-23T06:26:35Z" finished-at="2020-03-23T06:26:35Z">
          <params>
            <param index="0">
              <value>
                <![CDATA[org.testng.TestRunner@661972b0]]>
              </value>
            </param>
          </params>
          <reporter-output>
          </reporter-output>
        </test-method> <!-- testSetUp -->
        <test-method status="PASS" signature="methodSetUp()[pri:0, instance:com.d11.project.msd.masterTest.DemoTest@6eebc39e]" name="methodSetUp" is-config="true" duration-ms="6756" started-at="2020-03-23T06:26:35Z" finished-at="2020-03-23T06:26:41Z">
          <reporter-output>
          </reporter-output>
        </test-method> <!-- methodSetUp -->
        <test-method status="PASS" signature="test()[pri:0, instance:com.d11.project.msd.masterTest.DemoTest@6eebc39e]" name="test" duration-ms="9170" started-at="2020-03-23T06:26:41Z" finished-at="2020-03-23T06:26:51Z">
          <reporter-output>
          </reporter-output>
        </test-method> <!-- test -->
        <test-method status="PASS" signature="methodTearDown()[pri:0, instance:com.d11.project.msd.masterTest.DemoTest@6eebc39e]" name="methodTearDown" is-config="true" duration-ms="995" started-at="2020-03-23T06:26:51Z" finished-at="2020-03-23T06:26:52Z">
          <reporter-output>
          </reporter-output>
        </test-method> <!-- methodTearDown -->
        <test-method status="PASS" signature="suiteTearDown()[pri:0, instance:com.d11.project.msd.masterTest.DemoTest@6eebc39e]" name="suiteTearDown" is-config="true" duration-ms="434" started-at="2020-03-23T06:26:52Z" finished-at="2020-03-23T06:26:52Z">
          <reporter-output>
          </reporter-output>
        </test-method> <!-- suiteTearDown -->
      </class> <!-- com.d11.project.msd.masterTest.DemoTest -->
    </test> <!-- Test -->
  </suite> <!-- Suite -->
</testng-results>
